#AUDIOSCROBBLER/1.1
#TZ/UNKNOWN
#CLIENT/Rockbox cowond2 $Revision: 29315 $
Linkin Park	Meteora	Somewhere I Belong	11	387	L	1442255312	 
Linkin Park	Meteora	From the Inside	11	387	L	1442255308	 
Linkin Park	Hybrid Theory	Points of Authority	11	387	L	1442255304	 
Linkin Park	Hybrid Theory	Papercut	11	387	L	1442255300	 
hooy tatoo seasons seasons	11	387	L	1442255296	 
System of a down	Toxicity	Chop Suey!	11	387	L	1442255292	 
System of a down	Toxicity	Prison Song	11	387	L	1442255288	 
System of a down	Toxicity	Bounce	11	387	L	1442255284	 
System of a down	Toxicity	X	11	387	L	1442255280	 
System of a down	Toxicity	Deer Dance	11	387	L	1442255276	 
System of a down	Toxicity	Needles	11	387	L	1442255272	 
System of a down	Toxicity	Psycho	11	387	L	1442255268	 
System of a down	Toxicity	Shimmy	11	387	L	1442255264	 
System of a down	Toxicity	Toxicity	11	387	L	1442255260	 
Muse	The 2nd Law	Supremacy	11	387	L	1442255256	 
Muse	The 2nd Law	Madness	11	387	L	1442255252	 
Muse	The 2nd Law	Panic Station	11	387	L	1442255248	 
Muse	The 2nd Law	Survival	11	387	L	1442255244	 
Muse	The 2nd Law	Animals	11	387	L	1442255240	 
Rammstein Sehnsucht	Sehnsucht	11	387	L	1442255236	 
Rammstein Sehnsucht	Engel	11	387	L	1442255232	 
Rammstein Sehnsucht	Tier	11	387	L	1442255228	 
Rammstein Sehnsucht	Du hast	11	387	L	1442255224	 
My Chemical Romance	The Black Parade	The End.	11	387	L	1442255220	 
My Chemical Romance	The Black Parade	Dead! (Amended Version)	11	387	L	1442255216	 
My Chemical Romance	The Black Parade	This Is How I Disappear	11	387	L	1442255212	 
My Chemical Romance	The Black Parade	The Sharpest Lives	11	387	L	1442255208	 
My Chemical Romance	The Black Parade	Welcome to the Black Parade	11	387	L	1442255204	 
My Chemical Romance	The Black Parade	I Don't Love You	11	387	L	1442255200	 
My Chemical Romance	The Black Parade	House Of Wolves (Amended Version)	11	387	L	1442255196	 
My Chemical Romance	The Black Parade	Cancer	11	387	L	1442255192	 
My Chemical Romance	The Black Parade	Mama (Amended Version)	11	387	L	1442255188	 
My Chemical Romance	The Black Parade	Sleep	11	387	L	1442255184	 
My Chemical Romance	The Black Parade	Teenagers	11	387	L	1442255180	 
My Chemical Romance	The Black Parade	Famous Last Words	11	387	L	1442255176	 
My Chemical Romance	The Black Parade	Disenchanted	11	387	L	1442255172	 
Seven Wiser	unknown	Goodbye		11	387	L	1442255168	 
Linkin Park	unknown	Issho Ni		11	387	L	1442255164	 
Crowblack	unknown	Higher	11	387	L	1442255160	 
Linkin Park	unknown	What I've Done (Piano Cover)	11	387	L	1442255156	 
Maxïmo Park	unknown	Write This Down	11	387	L	1442255152	 
David Guetta	unknown	Memories	11	387	L	1442255148	 
Bingo Players & Far East Movement	unknown	GET UP	11	387	L	1442255144	 
Calvin Harris	unknown	Drinking from the Bottle	11	387	L	1442255140	 
Die Antwoord	unknown	Baby's on Fire	11	387	L	1442255136	 
P.O.D.	unknown	Lights Out	11	387	L	1442255132	 
M.I.A.	unknown	Amazon	11	387	L	1442255128	 
Linkin Park	unknown	Waiting for the End	11	387	L	1442255124	 
Eminem	unknown	Stronger than I Was	11	387	L	1442255120	 
Blue October	unknown	Chameleon Boy	11	387	L	1442255116	 
System of a Down	unknown	Kill Rock 'n Roll	11	387	L	1442255112	 
The Pigeon Detectives	unknown	Nothing To Do With You	11	387	L	1442255108	 
M.I.A.	unknown	Attention	11	387	L	1442255104	 
Kanye West	unknown	Welcome to Heartbreak (feat. Kid Cudi)	11	387	L	1442255100	 
